/home/pravin/assignment/superviser.c
/home/pravin/assignment/superviser.c~
/home/pravin/assignment/program3_recursion
/home/pravin/assignment/a.out
/home/pravin/assignment/program1.c~
/home/pravin/assignment/new-files-found.lst
/home/pravin/assignment/program3_recursion.c
/home/pravin/assignment/#superviser.c#
/home/pravin/assignment/program2.c~
/home/pravin/assignment/#program1.c#
/home/pravin/assignment/program2.c
/home/pravin/assignment/copy.c
/home/pravin/assignment/recursive_file.txt
/home/pravin/assignment/dirs2process.lst
/home/pravin/assignment/program1.c
/home/pravin/assignment/.#superviser.c
/home/pravin/assignment/dirs2process.lst~
/home/pravin/assignment/program2
/home/pravin/assignment/program1
/home/pravin/assignment/program1
